2018-12-04 03:34:39,928 [Worker-1] INFO  c.g.t.t.d.PublishedGradleVersions - Gradle version information cache is up-to-date. Trying to read.
2018-12-04 03:35:12,515 [Worker-4] INFO  o.e.m.c.i.l.LifecycleMappingFactory - Using org.eclipse.m2e.jdt.JarLifecycleMapping lifecycle mapping for MavenProject: edu.northeastern.ccs.cs5500:homework4:0.0.1-SNAPSHOT @ G:\Student-113-F18\Homework 5\homework4\pom.xml.
2018-12-04 03:35:13,554 [Worker-4] INFO  o.e.m.j.i.AbstractJavaProjectConfigurator - Adding source folder /homework4/src/main/java
2018-12-04 03:35:13,565 [Worker-4] INFO  o.e.m.j.i.AbstractJavaProjectConfigurator - Adding source folder /homework4/src/test/java
2018-12-04 03:35:14,347 [Worker-4] INFO  o.e.m.c.i.p.ProjectConfigurationManager - Imported and configured 1 project(s) in 3 sec
2018-12-04 03:35:16,280 [Worker-9] INFO  o.e.m.c.i.embedder.EclipseLogger - Using 'UTF-8' encoding to copy filtered resources.
2018-12-04 03:35:16,281 [Worker-9] INFO  o.e.m.c.i.embedder.EclipseLogger - skip non existing resourceDirectory G:\Student-113-F18\Homework 5\homework4\src\main\resources
2018-12-04 03:35:16,283 [Worker-9] INFO  o.e.m.c.i.embedder.EclipseLogger - Using 'UTF-8' encoding to copy filtered resources.
2018-12-04 03:35:16,283 [Worker-9] INFO  o.e.m.c.i.embedder.EclipseLogger - skip non existing resourceDirectory G:\Student-113-F18\Homework 5\homework4\src\test\resources
2018-12-04 03:35:33,097 [Worker-14] INFO  o.e.m.c.i.embedder.EclipseLogger - Using 'UTF-8' encoding to copy filtered resources.
2018-12-04 03:35:33,098 [Worker-14] INFO  o.e.m.c.i.embedder.EclipseLogger - skip non existing resourceDirectory G:\Student-113-F18\Homework 5\homework4\src\main\resources
2018-12-04 03:35:33,099 [Worker-14] INFO  o.e.m.c.i.embedder.EclipseLogger - Using 'UTF-8' encoding to copy filtered resources.
2018-12-04 03:35:33,099 [Worker-14] INFO  o.e.m.c.i.embedder.EclipseLogger - skip non existing resourceDirectory G:\Student-113-F18\Homework 5\homework4\src\test\resources
2018-12-04 03:35:47,038 [Worker-2] INFO  o.e.m.c.i.l.LifecycleMappingFactory - Using org.eclipse.m2e.jdt.JarLifecycleMapping lifecycle mapping for MavenProject: edu.northeastern.ccs.cs5500:homework4:0.0.1-SNAPSHOT @ G:\Student-113-F18\Homework 5\homework3\pom.xml.
2018-12-04 03:35:47,804 [Worker-2] INFO  o.e.m.c.i.embedder.EclipseLogger - Using 'UTF-8' encoding to copy filtered resources.
2018-12-04 03:35:47,805 [Worker-2] INFO  o.e.m.c.i.embedder.EclipseLogger - skip non existing resourceDirectory G:\Student-113-F18\Homework 5\homework3\src\main\resources
2018-12-04 03:35:47,807 [Worker-2] INFO  o.e.m.c.i.embedder.EclipseLogger - Using 'UTF-8' encoding to copy filtered resources.
2018-12-04 03:35:47,807 [Worker-2] INFO  o.e.m.c.i.embedder.EclipseLogger - skip non existing resourceDirectory G:\Student-113-F18\Homework 5\homework3\src\test\resources
2018-12-04 03:35:49,775 [Worker-12] INFO  o.e.m.c.i.embedder.EclipseLogger - Using 'UTF-8' encoding to copy filtered resources.
2018-12-04 03:35:49,775 [Worker-12] INFO  o.e.m.c.i.embedder.EclipseLogger - skip non existing resourceDirectory G:\Student-113-F18\Homework 5\homework3\src\main\resources
2018-12-04 03:35:49,776 [Worker-12] INFO  o.e.m.c.i.embedder.EclipseLogger - Using 'UTF-8' encoding to copy filtered resources.
2018-12-04 03:35:49,776 [Worker-12] INFO  o.e.m.c.i.embedder.EclipseLogger - skip non existing resourceDirectory G:\Student-113-F18\Homework 5\homework3\src\test\resources
2018-12-04 03:36:52,259 [Worker-9] INFO  o.e.m.c.i.embedder.EclipseLogger - Using 'UTF-8' encoding to copy filtered resources.
2018-12-04 03:36:52,259 [Worker-9] INFO  o.e.m.c.i.embedder.EclipseLogger - skip non existing resourceDirectory G:\Student-113-F18\Homework 5\homework3\src\main\resources
2018-12-04 03:36:52,260 [Worker-9] INFO  o.e.m.c.i.embedder.EclipseLogger - Using 'UTF-8' encoding to copy filtered resources.
2018-12-04 03:36:52,260 [Worker-9] INFO  o.e.m.c.i.embedder.EclipseLogger - skip non existing resourceDirectory G:\Student-113-F18\Homework 5\homework3\src\test\resources
2018-12-04 03:36:53,330 [Worker-12] INFO  o.e.m.c.i.embedder.EclipseLogger - Using 'UTF-8' encoding to copy filtered resources.
2018-12-04 03:36:53,330 [Worker-12] INFO  o.e.m.c.i.embedder.EclipseLogger - skip non existing resourceDirectory G:\Student-113-F18\Homework 5\homework3\src\main\resources
2018-12-04 03:36:53,331 [Worker-12] INFO  o.e.m.c.i.embedder.EclipseLogger - Using 'UTF-8' encoding to copy filtered resources.
2018-12-04 03:36:53,331 [Worker-12] INFO  o.e.m.c.i.embedder.EclipseLogger - skip non existing resourceDirectory G:\Student-113-F18\Homework 5\homework3\src\test\resources
2018-12-04 03:36:58,602 [Worker-3] INFO  o.e.m.c.i.embedder.EclipseLogger - Using 'UTF-8' encoding to copy filtered resources.
2018-12-04 03:36:58,602 [Worker-3] INFO  o.e.m.c.i.embedder.EclipseLogger - skip non existing resourceDirectory G:\Student-113-F18\Homework 5\homework3\src\main\resources
2018-12-04 03:36:58,603 [Worker-3] INFO  o.e.m.c.i.embedder.EclipseLogger - Using 'UTF-8' encoding to copy filtered resources.
2018-12-04 03:36:58,604 [Worker-3] INFO  o.e.m.c.i.embedder.EclipseLogger - skip non existing resourceDirectory G:\Student-113-F18\Homework 5\homework3\src\test\resources
2018-12-04 03:36:59,615 [Worker-5] INFO  o.e.m.c.i.embedder.EclipseLogger - Using 'UTF-8' encoding to copy filtered resources.
2018-12-04 03:36:59,616 [Worker-5] INFO  o.e.m.c.i.embedder.EclipseLogger - skip non existing resourceDirectory G:\Student-113-F18\Homework 5\homework3\src\main\resources
2018-12-04 03:36:59,617 [Worker-5] INFO  o.e.m.c.i.embedder.EclipseLogger - Using 'UTF-8' encoding to copy filtered resources.
2018-12-04 03:36:59,617 [Worker-5] INFO  o.e.m.c.i.embedder.EclipseLogger - skip non existing resourceDirectory G:\Student-113-F18\Homework 5\homework3\src\test\resources
2018-12-04 03:39:49,553 [Worker-17] INFO  o.e.m.c.i.embedder.EclipseLogger - Using 'UTF-8' encoding to copy filtered resources.
2018-12-04 03:39:49,553 [Worker-17] INFO  o.e.m.c.i.embedder.EclipseLogger - skip non existing resourceDirectory G:\Student-113-F18\Homework 5\homework3\src\main\resources
2018-12-04 03:39:49,555 [Worker-17] INFO  o.e.m.c.i.embedder.EclipseLogger - Using 'UTF-8' encoding to copy filtered resources.
2018-12-04 03:39:49,556 [Worker-17] INFO  o.e.m.c.i.embedder.EclipseLogger - skip non existing resourceDirectory G:\Student-113-F18\Homework 5\homework3\src\test\resources
